[2025-12-01T05:26:13.903+0000] {local_task_job_runner.py:120} INFO - ::group::Pre task execution logs
[2025-12-01T05:26:13.910+0000] {taskinstance.py:2073} INFO - Dependencies all met for dep_context=non-requeueable deps ti=<TaskInstance: incremental_orders_processing.process_incremental_orders scheduled__2025-12-01T05:25:56+00:00 [queued]>
[2025-12-01T05:26:13.912+0000] {taskinstance.py:2073} INFO - Dependencies all met for dep_context=requeueable deps ti=<TaskInstance: incremental_orders_processing.process_incremental_orders scheduled__2025-12-01T05:25:56+00:00 [queued]>
[2025-12-01T05:26:13.912+0000] {taskinstance.py:2303} INFO - Starting attempt 1 of 1
[2025-12-01T05:26:13.946+0000] {taskinstance.py:2327} INFO - Executing <Task(BashOperator): process_incremental_orders> on 2025-12-01 05:25:56+00:00
[2025-12-01T05:26:13.947+0000] {standard_task_runner.py:63} INFO - Started process 168 to run task
[2025-12-01T05:26:13.948+0000] {standard_task_runner.py:90} INFO - Running: ['airflow', 'tasks', 'run', 'incremental_orders_processing', 'process_incremental_orders', 'scheduled__2025-12-01T05:25:56+00:00', '--job-id', '3', '--raw', '--subdir', 'DAGS_FOLDER/incremental_orders_dag.py', '--cfg-path', '/tmp/tmplt_mbxbu']
[2025-12-01T05:26:13.949+0000] {standard_task_runner.py:91} INFO - Job 3: Subtask process_incremental_orders
[2025-12-01T05:26:13.964+0000] {task_command.py:426} INFO - Running <TaskInstance: incremental_orders_processing.process_incremental_orders scheduled__2025-12-01T05:25:56+00:00 [running]> on host fe09d5be1c11
[2025-12-01T05:26:13.982+0000] {taskinstance.py:2644} INFO - Exporting env vars: AIRFLOW_CTX_DAG_OWNER='airflow' AIRFLOW_CTX_DAG_ID='incremental_orders_processing' AIRFLOW_CTX_TASK_ID='process_incremental_orders' AIRFLOW_CTX_EXECUTION_DATE='2025-12-01T05:25:56+00:00' AIRFLOW_CTX_TRY_NUMBER='1' AIRFLOW_CTX_DAG_RUN_ID='scheduled__2025-12-01T05:25:56+00:00'
[2025-12-01T05:26:13.982+0000] {taskinstance.py:430} INFO - ::endgroup::
[2025-12-01T05:26:13.996+0000] {subprocess.py:63} INFO - Tmp dir root location: /tmp
[2025-12-01T05:26:13.996+0000] {subprocess.py:75} INFO - Running command: ['/usr/bin/bash', '-c', 'docker exec spark python3 /workspace/processing/incremental/process_orders.py']
[2025-12-01T05:26:13.999+0000] {subprocess.py:86} INFO - Output:
[2025-12-01T05:26:14.008+0000] {subprocess.py:93} INFO - Cannot connect to the Docker daemon at unix:///var/run/docker.sock. Is the docker daemon running?
[2025-12-01T05:26:14.009+0000] {subprocess.py:97} INFO - Command exited with return code 1
[2025-12-01T05:26:14.009+0000] {taskinstance.py:441} INFO - ::group::Post task execution logs
[2025-12-01T05:26:14.011+0000] {taskinstance.py:2890} ERROR - Task failed with exception
Traceback (most recent call last):
  File "/home/airflow/.local/lib/python3.12/site-packages/airflow/models/taskinstance.py", line 465, in _execute_task
    result = _execute_callable(context=context, **execute_callable_kwargs)
             ^^^^^^^^^^^^^^^^^^^^^^^^^^^^^^^^^^^^^^^^^^^^^^^^^^^^^^^^^^^^^
  File "/home/airflow/.local/lib/python3.12/site-packages/airflow/models/taskinstance.py", line 432, in _execute_callable
    return execute_callable(context=context, **execute_callable_kwargs)
           ^^^^^^^^^^^^^^^^^^^^^^^^^^^^^^^^^^^^^^^^^^^^^^^^^^^^^^^^^^^^
  File "/home/airflow/.local/lib/python3.12/site-packages/airflow/models/baseoperator.py", line 400, in wrapper
    return func(self, *args, **kwargs)
           ^^^^^^^^^^^^^^^^^^^^^^^^^^^
  File "/home/airflow/.local/lib/python3.12/site-packages/airflow/operators/bash.py", line 243, in execute
    raise AirflowException(
airflow.exceptions.AirflowException: Bash command failed. The command returned a non-zero exit code 1.
[2025-12-01T05:26:14.013+0000] {taskinstance.py:1205} INFO - Marking task as FAILED. dag_id=incremental_orders_processing, task_id=process_incremental_orders, execution_date=20251201T052556, start_date=20251201T052613, end_date=20251201T052614
[2025-12-01T05:26:14.016+0000] {standard_task_runner.py:110} ERROR - Failed to execute job 3 for task process_incremental_orders (Bash command failed. The command returned a non-zero exit code 1.; 168)
[2025-12-01T05:26:14.051+0000] {local_task_job_runner.py:240} INFO - Task exited with return code 1
[2025-12-01T05:26:14.056+0000] {taskinstance.py:3482} INFO - 0 downstream tasks scheduled from follow-on schedule check
[2025-12-01T05:26:14.056+0000] {local_task_job_runner.py:222} INFO - ::endgroup::
